<?xml version="1.0" encoding="UTF-8"?>
<!-- Generated by org.testng.reporters.JUnitReportReporter -->
<testsuite hostname="prashants-Air" failures="0" tests="2" name="com.ajioShopping.testcases.IndexPageTest" time="15.377" errors="0" timestamp="2022-07-25T14:43:27 IST" skipped="0">
  <testcase classname="com.ajioShopping.testcases.IndexPageTest" name="testMyLogo" time="8.016"/>
  <system-out/>
  <testcase classname="com.ajioShopping.testcases.IndexPageTest" name="verifyTitle" time="7.361"/>
  <system-out/>
</testsuite> <!-- com.ajioShopping.testcases.IndexPageTest -->
