<?xml version="1.0" encoding="UTF-8"?>
<!-- Generated by org.testng.reporters.JUnitReportReporter -->
<testsuite hostname="prashants-MacBook-Air.local" failures="0" tests="1" name="com.ajioShopping.testcases.AddToCartPageTest" time="24.308" errors="0" timestamp="2022-08-06T18:55:34 IST" skipped="0">
  <testcase classname="com.ajioShopping.testcases.AddToCartPageTest" name="testAddToCart" time="24.308"/>
  <system-out/>
</testsuite> <!-- com.ajioShopping.testcases.AddToCartPageTest -->
