<?xml version="1.0" encoding="UTF-8"?>
<!-- Generated by org.testng.reporters.JUnitReportReporter -->
<testsuite hostname="prashants-Air" failures="0" tests="2" name="com.ajioShopping.testcases.IndexPageTest" time="28.338" errors="0" timestamp="2022-07-23T12:27:45 IST" skipped="0">
  <testcase classname="com.ajioShopping.testcases.IndexPageTest" name="testMyLogo" time="15.781"/>
  <system-out/>
  <testcase classname="com.ajioShopping.testcases.IndexPageTest" name="verifyTitle" time="12.557"/>
  <system-out/>
</testsuite> <!-- com.ajioShopping.testcases.IndexPageTest -->
