<?xml version="1.0" encoding="UTF-8"?>
<!-- Generated by org.testng.reporters.JUnitReportReporter -->
<testsuite hostname="prashants-MacBook-Air.local" failures="0" tests="1" name="com.ajioShopping.testcases.LoginPageTest" time="40.632" errors="0" timestamp="2022-08-05T22:35:46 IST" skipped="0">
  <testcase classname="com.ajioShopping.testcases.LoginPageTest" name="testLogin" time="40.632"/>
  <system-out/>
</testsuite> <!-- com.ajioShopping.testcases.LoginPageTest -->
