<?xml version="1.0" encoding="UTF-8"?>
<!-- Generated by org.testng.reporters.JUnitReportReporter -->
<testsuite hostname="prashants-MacBook-Air.local" failures="0" tests="1" name="com.ajioShopping.testcases.SignUpPageTest" time="12.567" errors="0" timestamp="2022-08-06T11:16:57 IST" skipped="0">
  <testcase classname="com.ajioShopping.testcases.SignUpPageTest" name="testSignUp" time="12.567"/>
  <system-out/>
</testsuite> <!-- com.ajioShopping.testcases.SignUpPageTest -->
