<?xml version="1.0" encoding="UTF-8"?>
<!-- Generated by org.testng.reporters.JUnitReportReporter -->
<testsuite hostname="prashants-MacBook-Air.local" failures="0" tests="1" name="com.ajioShopping.testcases.EndToEndTest" time="40.738" errors="0" timestamp="2022-08-06T22:54:20 IST" skipped="0">
  <testcase classname="com.ajioShopping.testcases.EndToEndTest" name="test_endToEnd" time="40.738"/>
  <system-out/>
</testsuite> <!-- com.ajioShopping.testcases.EndToEndTest -->
