<?xml version="1.0" encoding="UTF-8"?>
<!-- Generated by org.testng.reporters.JUnitReportReporter -->
<testsuite hostname="prashants-MacBook-Air.local" failures="0" tests="1" name="com.ajioShopping.testcases.LoginPageTest" time="23.524" errors="0" timestamp="2022-08-06T14:34:48 IST" skipped="0">
  <testcase classname="com.ajioShopping.testcases.LoginPageTest" name="testLogin" time="23.524"/>
  <system-out/>
</testsuite> <!-- com.ajioShopping.testcases.LoginPageTest -->
