<?xml version="1.0" encoding="UTF-8"?>
<!-- Generated by org.testng.reporters.JUnitReportReporter -->
<testsuite hostname="prashants-MacBook-Air.local" failures="0" tests="1" name="com.ajioShopping.testcases.OrderPageTest" time="28.043" errors="0" timestamp="2022-08-06T21:41:00 IST" skipped="0">
  <testcase classname="com.ajioShopping.testcases.OrderPageTest" name="testTotalPrice" time="28.043"/>
  <system-out/>
</testsuite> <!-- com.ajioShopping.testcases.OrderPageTest -->
