<?xml version="1.0" encoding="UTF-8"?>
<!-- Generated by org.testng.reporters.JUnitReportReporter -->
<testsuite hostname="prashants-MacBook-Air.local" failures="0" tests="2" name="com.ajioShopping.testcases.HomePageTest" time="32.532" errors="0" timestamp="2022-08-06T10:17:00 IST" skipped="0">
  <testcase classname="com.ajioShopping.testcases.HomePageTest" name="testWishList" time="14.673"/>
  <system-out/>
  <testcase classname="com.ajioShopping.testcases.HomePageTest" name="testOrderHistory" time="17.859"/>
  <system-out/>
</testsuite> <!-- com.ajioShopping.testcases.HomePageTest -->
