<?xml version="1.0" encoding="UTF-8"?>
<!-- Generated by org.testng.reporters.JUnitReportReporter -->
<testsuite hostname="prashants-MacBook-Air.local" failures="0" tests="1" name="com.ajioShopping.testcases.SearchResultPageTest" time="23.267" errors="0" timestamp="2022-08-06T14:39:10 IST" skipped="0">
  <testcase classname="com.ajioShopping.testcases.SearchResultPageTest" name="testSearchResult" time="23.267"/>
  <system-out/>
</testsuite> <!-- com.ajioShopping.testcases.SearchResultPageTest -->
